<?xml version="1.0" encoding="UTF-8"?>
<testng-results ignored="0" total="11" passed="10" failed="1" skipped="0">
  <reporter-output>
  </reporter-output>
  <suite started-at="2023-04-21T02:19:33Z" name="Live Guru" finished-at="2023-04-21T02:21:34Z" duration-ms="120995">
    <groups>
    </groups>
    <test started-at="2023-04-21T02:19:33Z" name="Run with chrome browser" finished-at="2023-04-21T02:21:34Z" duration-ms="120995">
      <class name="com.liveGuru.commons.Common_01_Register_Success">
        <test-method is-config="true" signature="beforeClass(java.lang.String, java.lang.String, java.lang.String, java.lang.String, java.lang.String, java.lang.String)[pri:0, instance:com.liveGuru.commons.Common_01_Register_Success@3116c353]" started-at="2023-04-21T02:19:33Z" name="beforeClass" finished-at="2023-04-21T02:19:46Z" duration-ms="13024" status="PASS">
          <params>
            <param index="0">
              <value>
                <![CDATA[local]]>
              </value>
            </param>
            <param index="1">
              <value>
                <![CDATA[dev]]>
              </value>
            </param>
            <param index="2">
              <value>
                <![CDATA[Windows]]>
              </value>
            </param>
            <param index="3">
              <value>
                <![CDATA[10]]>
              </value>
            </param>
            <param index="4">
              <value>
                <![CDATA[chrome]]>
              </value>
            </param>
            <param index="5">
              <value>
                <![CDATA[user]]>
              </value>
            </param>
          </params>
          <reporter-output>
          </reporter-output>
        </test-method> <!-- beforeClass -->
        <test-method signature="TC_01_Register()[pri:0, instance:com.liveGuru.commons.Common_01_Register_Success@3116c353]" started-at="2023-04-21T02:19:46Z" name="TC_01_Register" finished-at="2023-04-21T02:19:49Z" duration-ms="3705" status="PASS">
          <reporter-output>
          </reporter-output>
        </test-method> <!-- TC_01_Register -->
        <test-method signature="TC_02_Verify_Information_User()[pri:0, instance:com.liveGuru.commons.Common_01_Register_Success@3116c353]" started-at="2023-04-21T02:19:50Z" name="TC_02_Verify_Information_User" finished-at="2023-04-21T02:19:51Z" duration-ms="1660" status="PASS">
          <reporter-output>
          </reporter-output>
        </test-method> <!-- TC_02_Verify_Information_User -->
        <test-method is-config="true" signature="afterClass()[pri:0, instance:com.liveGuru.commons.Common_01_Register_Success@3116c353]" started-at="2023-04-21T02:19:51Z" name="afterClass" finished-at="2023-04-21T02:19:52Z" duration-ms="381" status="PASS">
          <reporter-output>
          </reporter-output>
        </test-method> <!-- afterClass -->
      </class> <!-- com.liveGuru.commons.Common_01_Register_Success -->
      <class name="com.liveGuru.users.User_02_Font_End">
        <test-method is-config="true" signature="beforeClass(java.lang.String, java.lang.String, java.lang.String, java.lang.String, java.lang.String, java.lang.String)[pri:0, instance:com.liveGuru.users.User_02_Font_End@4e928fbf]" started-at="2023-04-21T02:20:29Z" name="beforeClass" finished-at="2023-04-21T02:20:40Z" duration-ms="10497" status="PASS">
          <params>
            <param index="0">
              <value>
                <![CDATA[local]]>
              </value>
            </param>
            <param index="1">
              <value>
                <![CDATA[dev]]>
              </value>
            </param>
            <param index="2">
              <value>
                <![CDATA[Windows]]>
              </value>
            </param>
            <param index="3">
              <value>
                <![CDATA[10]]>
              </value>
            </param>
            <param index="4">
              <value>
                <![CDATA[chrome]]>
              </value>
            </param>
            <param index="5">
              <value>
                <![CDATA[user]]>
              </value>
            </param>
          </params>
          <reporter-output>
          </reporter-output>
        </test-method> <!-- beforeClass -->
        <test-method signature="TC_08_Verify_Share_Wishlist()[pri:0, instance:com.liveGuru.users.User_02_Font_End@4e928fbf]" started-at="2023-04-21T02:20:40Z" name="TC_08_Verify_Share_Wishlist" finished-at="2023-04-21T02:20:48Z" duration-ms="8044" status="PASS">
          <reporter-output>
          </reporter-output>
        </test-method> <!-- TC_08_Verify_Share_Wishlist -->
        <test-method signature="TC_09_Verify_Add_Your_Review()[pri:0, instance:com.liveGuru.users.User_02_Font_End@4e928fbf]" started-at="2023-04-21T02:20:48Z" name="TC_09_Verify_Add_Your_Review" finished-at="2023-04-21T02:21:03Z" duration-ms="15217" status="PASS">
          <reporter-output>
          </reporter-output>
        </test-method> <!-- TC_09_Verify_Add_Your_Review -->
        <test-method signature="TC_10_Verify_Able_Purchase_Product()[pri:0, instance:com.liveGuru.users.User_02_Font_End@4e928fbf]" started-at="2023-04-21T02:21:03Z" name="TC_10_Verify_Able_Purchase_Product" finished-at="2023-04-21T02:21:26Z" duration-ms="22852" status="PASS">
          <reporter-output>
          </reporter-output>
        </test-method> <!-- TC_10_Verify_Able_Purchase_Product -->
        <test-method signature="TC_11_Verify_Search_Funtion()[pri:0, instance:com.liveGuru.users.User_02_Font_End@4e928fbf]" started-at="2023-04-21T02:21:26Z" name="TC_11_Verify_Search_Funtion" finished-at="2023-04-21T02:21:33Z" duration-ms="7360" status="PASS">
          <reporter-output>
          </reporter-output>
        </test-method> <!-- TC_11_Verify_Search_Funtion -->
        <test-method is-config="true" signature="afterClass()[pri:0, instance:com.liveGuru.users.User_02_Font_End@4e928fbf]" started-at="2023-04-21T02:21:33Z" name="afterClass" finished-at="2023-04-21T02:21:34Z" duration-ms="278" status="PASS">
          <reporter-output>
          </reporter-output>
        </test-method> <!-- afterClass -->
      </class> <!-- com.liveGuru.users.User_02_Font_End -->
      <class name="com.liveGuru.users.User_01_Font_End">
        <test-method is-config="true" signature="beforeClass(java.lang.String, java.lang.String, java.lang.String, java.lang.String, java.lang.String, java.lang.String)[pri:0, instance:com.liveGuru.users.User_01_Font_End@f627d13]" started-at="2023-04-21T02:19:52Z" name="beforeClass" finished-at="2023-04-21T02:20:00Z" duration-ms="8187" status="PASS">
          <params>
            <param index="0">
              <value>
                <![CDATA[local]]>
              </value>
            </param>
            <param index="1">
              <value>
                <![CDATA[dev]]>
              </value>
            </param>
            <param index="2">
              <value>
                <![CDATA[Windows]]>
              </value>
            </param>
            <param index="3">
              <value>
                <![CDATA[10]]>
              </value>
            </param>
            <param index="4">
              <value>
                <![CDATA[chrome]]>
              </value>
            </param>
            <param index="5">
              <value>
                <![CDATA[user]]>
              </value>
            </param>
          </params>
          <reporter-output>
          </reporter-output>
        </test-method> <!-- beforeClass -->
        <test-method signature="TC_03_Login_Success()[pri:0, instance:com.liveGuru.users.User_01_Font_End@f627d13]" started-at="2023-04-21T02:20:00Z" name="TC_03_Login_Success" finished-at="2023-04-21T02:20:06Z" duration-ms="5785" status="PASS">
          <reporter-output>
          </reporter-output>
        </test-method> <!-- TC_03_Login_Success -->
        <test-method signature="TC_04_Verify_Cost_Of_Product()[pri:0, instance:com.liveGuru.users.User_01_Font_End@f627d13]" started-at="2023-04-21T02:20:06Z" name="TC_04_Verify_Cost_Of_Product" finished-at="2023-04-21T02:20:12Z" duration-ms="6230" status="PASS">
          <reporter-output>
          </reporter-output>
        </test-method> <!-- TC_04_Verify_Cost_Of_Product -->
        <test-method signature="TC_05_Verify_Discount_Coupon_Work_Correctly()[pri:0, instance:com.liveGuru.users.User_01_Font_End@f627d13]" started-at="2023-04-21T02:20:12Z" name="TC_05_Verify_Discount_Coupon_Work_Correctly" finished-at="2023-04-21T02:20:16Z" duration-ms="4254" status="FAIL">
          <exception class="java.lang.AssertionError">
            <message>
              <![CDATA[expected [$95.00] but found [$100.00]]]>
            </message>
            <full-stacktrace>
              <![CDATA[java.lang.AssertionError: expected [$95.00] but found [$100.00]
at org.testng.Assert.fail(Assert.java:96)
at org.testng.Assert.failNotEquals(Assert.java:776)
at org.testng.Assert.assertEqualsImpl(Assert.java:137)
at org.testng.Assert.assertEquals(Assert.java:118)
at org.testng.Assert.assertEquals(Assert.java:453)
at org.testng.Assert.assertEquals(Assert.java:463)
at com.liveGuru.users.User_01_Font_End.TC_05_Verify_Discount_Coupon_Work_Correctly(User_01_Font_End.java:84)
at java.base/jdk.internal.reflect.NativeMethodAccessorImpl.invoke0(Native Method)
at java.base/jdk.internal.reflect.NativeMethodAccessorImpl.invoke(NativeMethodAccessorImpl.java:62)
at java.base/jdk.internal.reflect.DelegatingMethodAccessorImpl.invoke(DelegatingMethodAccessorImpl.java:43)
at java.base/java.lang.reflect.Method.invoke(Method.java:566)
at org.testng.internal.MethodInvocationHelper.invokeMethod(MethodInvocationHelper.java:124)
at org.testng.internal.Invoker.invokeMethod(Invoker.java:583)
at org.testng.internal.Invoker.invokeTestMethod(Invoker.java:719)
at org.testng.internal.Invoker.invokeTestMethods(Invoker.java:989)
at org.testng.internal.TestMethodWorker.invokeTestMethods(TestMethodWorker.java:125)
at org.testng.internal.TestMethodWorker.run(TestMethodWorker.java:109)
at org.testng.TestRunner.privateRun(TestRunner.java:648)
at org.testng.TestRunner.run(TestRunner.java:505)
at org.testng.SuiteRunner.runTest(SuiteRunner.java:455)
at org.testng.SuiteRunner.runSequentially(SuiteRunner.java:450)
at org.testng.SuiteRunner.privateRun(SuiteRunner.java:415)
at org.testng.SuiteRunner.run(SuiteRunner.java:364)
at org.testng.SuiteRunnerWorker.runSuite(SuiteRunnerWorker.java:52)
at org.testng.SuiteRunnerWorker.run(SuiteRunnerWorker.java:84)
at org.testng.TestNG.runSuitesSequentially(TestNG.java:1208)
at org.testng.TestNG.runSuitesLocally(TestNG.java:1137)
at org.testng.TestNG.runSuites(TestNG.java:1049)
at org.testng.TestNG.run(TestNG.java:1017)
at org.testng.remote.AbstractRemoteTestNG.run(AbstractRemoteTestNG.java:115)
at org.testng.remote.RemoteTestNG.initAndRun(RemoteTestNG.java:251)
at org.testng.remote.RemoteTestNG.main(RemoteTestNG.java:77)
]]>
            </full-stacktrace>
          </exception> <!-- java.lang.AssertionError -->
          <reporter-output>
          </reporter-output>
        </test-method> <!-- TC_05_Verify_Discount_Coupon_Work_Correctly -->
        <test-method signature="TC_06_Verify_Add_500_Item_Of_Product()[pri:0, instance:com.liveGuru.users.User_01_Font_End@f627d13]" started-at="2023-04-21T02:20:16Z" name="TC_06_Verify_Add_500_Item_Of_Product" finished-at="2023-04-21T02:20:21Z" duration-ms="4711" status="PASS">
          <reporter-output>
          </reporter-output>
        </test-method> <!-- TC_06_Verify_Add_500_Item_Of_Product -->
        <test-method signature="TC_07_Compare_Two_Product()[pri:0, instance:com.liveGuru.users.User_01_Font_End@f627d13]" started-at="2023-04-21T02:20:21Z" name="TC_07_Compare_Two_Product" finished-at="2023-04-21T02:20:29Z" duration-ms="8076" status="PASS">
          <reporter-output>
          </reporter-output>
        </test-method> <!-- TC_07_Compare_Two_Product -->
        <test-method is-config="true" signature="afterClass()[pri:0, instance:com.liveGuru.users.User_01_Font_End@f627d13]" started-at="2023-04-21T02:20:29Z" name="afterClass" finished-at="2023-04-21T02:20:29Z" duration-ms="256" status="PASS">
          <reporter-output>
          </reporter-output>
        </test-method> <!-- afterClass -->
      </class> <!-- com.liveGuru.users.User_01_Font_End -->
    </test> <!-- Run with chrome browser -->
  </suite> <!-- Live Guru -->
</testng-results>
